Arguments: 
  /home/giuseppe/.nvm/versions/node/v14.17.2/bin/node /home/giuseppe/.nvm/versions/node/v14.17.2/bin/yarn add -D typescript dependencies: {

PATH: 
  /home/giuseppe/eclipse:/home/giuseppe/.config/composer/vendor/bin:/home/giuseppe/.poetry/bin:/home/giuseppe/.local/bin:/home/giuseppe/eclipse:/home/giuseppe/.config/composer/vendor/bin:/home/giuseppe/.nvm/versions/node/v14.17.2/bin:/home/giuseppe/.poetry/bin:/home/giuseppe/.local/bin:/usr/local/sbin:/usr/local/bin:/usr/sbin:/usr/bin:/sbin:/bin:/usr/games:/usr/local/games:/snap/bin

Yarn version: 
  1.22.17

Node version: 
  14.17.2

Platform: 
  linux x64

Trace: 
  Error: Invalid URL
      at module.exports.module.exports (/home/giuseppe/.nvm/versions/node/v14.17.2/lib/node_modules/yarn/lib/cli.js:71862:9)
      at urlParts (/home/giuseppe/.nvm/versions/node/v14.17.2/lib/node_modules/yarn/lib/cli.js:31657:75)
      at NpmRegistry.isRequestToRegistry (/home/giuseppe/.nvm/versions/node/v14.17.2/lib/node_modules/yarn/lib/cli.js:31700:19)
      at NpmRegistry.<anonymous> (/home/giuseppe/.nvm/versions/node/v14.17.2/lib/node_modules/yarn/lib/cli.js:31732:31)
      at Generator.next (<anonymous>)
      at step (/home/giuseppe/.nvm/versions/node/v14.17.2/lib/node_modules/yarn/lib/cli.js:310:30)
      at /home/giuseppe/.nvm/versions/node/v14.17.2/lib/node_modules/yarn/lib/cli.js:328:14
      at new Promise (<anonymous>)
      at new F (/home/giuseppe/.nvm/versions/node/v14.17.2/lib/node_modules/yarn/lib/cli.js:5301:28)
      at NpmRegistry.<anonymous> (/home/giuseppe/.nvm/versions/node/v14.17.2/lib/node_modules/yarn/lib/cli.js:307:12)

npm manifest: 
  {
    "name": "typescript-mapping",
    "version": "1.0.0",
    "description": "Map typescript types",
    "main": "index.js",
    "repository": "git@github.com:giuseppe-gitHub/typescript-mapping.git",
    "author": "giuseppe.pace <giuseppe.pace.posta@gmail.com>",
    "license": "MIT"
  }

yarn manifest: 
  No manifest

Lockfile: 
  # THIS IS AN AUTOGENERATED FILE. DO NOT EDIT THIS FILE DIRECTLY.
  # yarn lockfile v1
  
  
  typescript@^4.6.2:
    version "4.6.2"
    resolved "https://registry.yarnpkg.com/typescript/-/typescript-4.6.2.tgz#fe12d2727b708f4eef40f51598b3398baa9611d4"
    integrity sha512-HM/hFigTBHZhLXshn9sN37H085+hQGeJHJ/X7LpBWLID/fbc2acUMfU+lGD98X81sKP+pFa9f0DZmCwB9GnbAg==
